0 silly argv {
0 silly argv   _: [ 'create' ],
0 silly argv   dependencies: [ 'lodash', 'yargs' ],
0 silly argv   lernaVersion: '5.3.0',
0 silly argv   '$0': 'node_modules/lerna/cli.js',
0 silly argv   name: 'test-2'
0 silly argv }
1 notice cli v5.3.0
2 verbose rootPath /Users/fahsl/Narwhal/lerna-test-pnpm
3 warn ENOREMOTE No git remote found, skipping repository property
4 error Error: canceled
4 error     at Interface.<anonymous> (/Users/fahsl/Narwhal/lerna-test-pnpm/node_modules/.pnpm/read@1.0.7/node_modules/read/lib/read.js:66:13)
4 error     at Interface.emit (node:events:527:28)
4 error     at Interface._ttyWrite (node:readline:1081:16)
4 error     at ReadStream.onkeypress (node:readline:288:10)
4 error     at ReadStream.emit (node:events:527:28)
4 error     at emitKeys (node:internal/readline/utils:358:14)
4 error     at emitKeys.next (<anonymous>)
4 error     at ReadStream.onData (node:internal/readline/emitKeypressEvents:61:36)
4 error     at ReadStream.emit (node:events:527:28)
